2024-02-15 00:47:58.152 [SpringContextShutdownHook] DEBUG o.s.b.w.s.c.AnnotationConfigServletWebServerApplicationContext - Closing org.springframework.boot.web.servlet.context.AnnotationConfigServletWebServerApplicationContext@7cab1508, started on Tue Feb 13 00:21:42 CST 2024, parent: org.springframework.context.annotation.AnnotationConfigApplicationContext@76ba13c
2024-02-15 00:47:58.139 [Thread-4] WARN  c.a.n.c.http.HttpClientBeanHolder - [HttpClientBeanHolder] Start destroying common HttpClient
2024-02-15 00:47:58.143 [Thread-16] WARN  c.a.nacos.common.notify.NotifyCenter - [NotifyCenter] Start destroying Publisher
2024-02-15 00:47:58.167 [Thread-16] WARN  c.a.nacos.common.notify.NotifyCenter - [NotifyCenter] Destruction of the end
2024-02-15 00:47:58.170 [Thread-4] WARN  c.a.n.c.http.HttpClientBeanHolder - [HttpClientBeanHolder] Destruction of the end
2024-02-15 00:47:58.403 [SpringContextShutdownHook] INFO  o.s.s.c.ThreadPoolTaskScheduler - Shutting down ExecutorService 'Nacos-Watch-Task-Scheduler'
2024-02-15 00:47:58.420 [SpringContextShutdownHook] INFO  o.s.j.e.a.AnnotationMBeanExporter - Could not unregister MBean [com.github.tobato.fastdfs.domain.conn:name=fdfsConnectionPool,type=FdfsConnectionPool] as said MBean is not registered (perhaps already unregistered by an external process)
2024-02-15 00:47:58.422 [SpringContextShutdownHook] INFO  c.a.c.n.r.NacosServiceRegistry - De-registering from Nacos Server now...
2024-02-15 00:47:58.422 [SpringContextShutdownHook] INFO  com.alibaba.nacos.client.naming - [BEAT] removing beat: DEFAULT_GROUP@@leadnews-wemedia:192.168.200.1:51803 from beat map.
2024-02-15 00:47:58.423 [SpringContextShutdownHook] INFO  com.alibaba.nacos.client.naming - [DEREGISTER-SERVICE] public deregistering service DEFAULT_GROUP@@leadnews-wemedia with instance: Instance{instanceId='null', ip='192.168.200.1', port=51803, weight=1.0, healthy=true, enabled=true, ephemeral=true, clusterName='DEFAULT', serviceName='null', metadata={}}
2024-02-15 00:47:58.427 [SpringContextShutdownHook] INFO  c.a.c.n.r.NacosServiceRegistry - De-registration finished.
2024-02-15 00:47:58.431 [SpringContextShutdownHook] INFO  com.alibaba.nacos.client.naming - com.alibaba.nacos.client.naming.beat.BeatReactor do shutdown begin
2024-02-15 00:47:58.510 [com.alibaba.nacos.client.naming.updater] INFO  com.alibaba.nacos.client.naming - removed ips(1) service: DEFAULT_GROUP@@leadnews-wemedia@@DEFAULT -> [{"instanceId":"192.168.200.1#51803#DEFAULT#DEFAULT_GROUP@@leadnews-wemedia","ip":"192.168.200.1","port":51803,"weight":1.0,"healthy":true,"enabled":true,"ephemeral":true,"clusterName":"DEFAULT","serviceName":"DEFAULT_GROUP@@leadnews-wemedia","metadata":{"preserved.register.source":"SPRING_CLOUD"},"instanceHeartBeatInterval":5000,"ipDeleteTimeout":30000,"instanceHeartBeatTimeOut":15000}]
2024-02-15 00:47:58.515 [com.alibaba.nacos.client.naming.updater] INFO  com.alibaba.nacos.client.naming - current ips:(0) service: DEFAULT_GROUP@@leadnews-wemedia@@DEFAULT -> []
2024-02-15 00:47:58.538 [SpringContextShutdownHook] INFO  com.alibaba.nacos.client.naming - com.alibaba.nacos.client.naming.beat.BeatReactor do shutdown stop
2024-02-15 00:47:58.539 [SpringContextShutdownHook] INFO  com.alibaba.nacos.client.naming - com.alibaba.nacos.client.naming.core.HostReactor do shutdown begin
2024-02-15 00:47:59.429 [com.alibaba.nacos.naming.push.receiver] INFO  com.alibaba.nacos.client.naming - received push data: {"type":"dom","data":"{\"metadata\":{},\"dom\":\"DEFAULT_GROUP@@leadnews-wemedia\",\"cacheMillis\":10000,\"useSpecifiedURL\":false,\"hosts\":[],\"name\":\"DEFAULT_GROUP@@leadnews-wemedia\",\"checksum\":\"89460f4ae5e96901c593204cad684ed6\",\"lastRefTime\":1707929271318,\"env\":\"\",\"clusters\":\"DEFAULT\"}","lastRefTime":180998210121377} from /192.168.1.171
2024-02-15 00:48:00.531 [SpringContextShutdownHook] INFO  com.alibaba.nacos.client.naming - com.alibaba.nacos.client.naming.core.PushReceiver do shutdown begin
2024-02-15 00:48:03.576 [SpringContextShutdownHook] INFO  com.alibaba.nacos.client.naming - com.alibaba.nacos.client.naming.core.PushReceiver do shutdown stop
2024-02-15 00:48:03.577 [SpringContextShutdownHook] INFO  com.alibaba.nacos.client.naming - com.alibaba.nacos.client.naming.backups.FailoverReactor do shutdown begin
2024-02-15 00:48:03.578 [SpringContextShutdownHook] INFO  com.alibaba.nacos.client.naming - com.alibaba.nacos.client.naming.backups.FailoverReactor do shutdown stop
2024-02-15 00:48:03.578 [SpringContextShutdownHook] INFO  com.alibaba.nacos.client.naming - com.alibaba.nacos.client.naming.core.HostReactor do shutdown stop
2024-02-15 00:48:03.578 [SpringContextShutdownHook] INFO  com.alibaba.nacos.client.naming - com.alibaba.nacos.client.naming.net.NamingProxy do shutdown begin
2024-02-15 00:48:03.579 [SpringContextShutdownHook] WARN  com.alibaba.nacos.client.naming - [NamingHttpClientManager] Start destroying NacosRestTemplate
2024-02-15 00:48:03.580 [SpringContextShutdownHook] WARN  com.alibaba.nacos.client.naming - [NamingHttpClientManager] Destruction of the end
2024-02-15 00:48:03.581 [SpringContextShutdownHook] INFO  c.a.n.c.identify.CredentialWatcher - [null] CredentialWatcher is stopped
2024-02-15 00:48:03.581 [SpringContextShutdownHook] INFO  c.a.n.c.identify.CredentialService - [null] CredentialService is freed
2024-02-15 00:48:03.581 [SpringContextShutdownHook] INFO  com.alibaba.nacos.client.naming - com.alibaba.nacos.client.naming.net.NamingProxy do shutdown stop
2024-02-15 00:48:03.582 [SpringContextShutdownHook] WARN  o.s.b.f.s.DisposableBeanAdapter - Destroy method 'close' on bean with name 'nacosServiceRegistry' threw an exception: java.lang.NullPointerException
2024-02-15 00:48:03.583 [SpringContextShutdownHook] INFO  o.s.s.c.ThreadPoolTaskExecutor - Shutting down ExecutorService 'applicationTaskExecutor'
2024-02-15 00:48:03.662 [SpringContextShutdownHook] INFO  com.zaxxer.hikari.HikariDataSource - HikariPool-1 - Shutdown initiated...
2024-02-15 00:48:03.665 [SpringContextShutdownHook] INFO  com.zaxxer.hikari.HikariDataSource - HikariPool-1 - Shutdown completed.
